{"C:\\Users\\jodin\\alchemy\\career-track\\create-http-with-net\\lib\\app.js": {"path":"C:\\Users\\jodin\\alchemy\\career-track\\create-http-with-net\\lib\\app.js","statementMap":{"0":{"start":{"line":1,"column":12},"end":{"line":1,"column":26}},"1":{"start":{"line":2,"column":21},"end":{"line":2,"column":52}},"2":{"start":{"line":3,"column":23},"end":{"line":3,"column":56}},"3":{"start":{"line":5,"column":12},"end":{"line":22,"column":2}},"4":{"start":{"line":6,"column":2},"end":{"line":21,"column":5}},"5":{"start":{"line":7,"column":20},"end":{"line":7,"column":49}},"6":{"start":{"line":8,"column":4},"end":{"line":8,"column":25}},"7":{"start":{"line":10,"column":4},"end":{"line":20,"column":113}},"8":{"start":{"line":11,"column":6},"end":{"line":11,"column":94}},"9":{"start":{"line":12,"column":11},"end":{"line":20,"column":113}},"10":{"start":{"line":13,"column":6},"end":{"line":13,"column":102}},"11":{"start":{"line":14,"column":11},"end":{"line":20,"column":113}},"12":{"start":{"line":15,"column":6},"end":{"line":15,"column":103}},"13":{"start":{"line":16,"column":11},"end":{"line":20,"column":113}},"14":{"start":{"line":17,"column":6},"end":{"line":17,"column":105}},"15":{"start":{"line":18,"column":11},"end":{"line":20,"column":113}},"16":{"start":{"line":19,"column":6},"end":{"line":19,"column":104}},"17":{"start":{"line":20,"column":11},"end":{"line":20,"column":113}},"18":{"start":{"line":24,"column":0},"end":{"line":24,"column":21}}},"fnMap":{"0":{"name":"(anonymous_0)","decl":{"start":{"line":5,"column":29},"end":{"line":5,"column":30}},"loc":{"start":{"line":5,"column":39},"end":{"line":22,"column":1}},"line":5},"1":{"name":"(anonymous_1)","decl":{"start":{"line":6,"column":20},"end":{"line":6,"column":21}},"loc":{"start":{"line":6,"column":28},"end":{"line":21,"column":3}},"line":6}},"branchMap":{"0":{"loc":{"start":{"line":10,"column":4},"end":{"line":20,"column":113}},"type":"if","locations":[{"start":{"line":10,"column":4},"end":{"line":20,"column":113}},{"start":{"line":10,"column":4},"end":{"line":20,"column":113}}],"line":10},"1":{"loc":{"start":{"line":10,"column":7},"end":{"line":10,"column":55}},"type":"binary-expr","locations":[{"start":{"line":10,"column":7},"end":{"line":10,"column":31}},{"start":{"line":10,"column":35},"end":{"line":10,"column":55}}],"line":10},"2":{"loc":{"start":{"line":12,"column":11},"end":{"line":20,"column":113}},"type":"if","locations":[{"start":{"line":12,"column":11},"end":{"line":20,"column":113}},{"start":{"line":12,"column":11},"end":{"line":20,"column":113}}],"line":12},"3":{"loc":{"start":{"line":12,"column":14},"end":{"line":12,"column":67}},"type":"binary-expr","locations":[{"start":{"line":12,"column":14},"end":{"line":12,"column":39}},{"start":{"line":12,"column":43},"end":{"line":12,"column":67}}],"line":12},"4":{"loc":{"start":{"line":14,"column":11},"end":{"line":20,"column":113}},"type":"if","locations":[{"start":{"line":14,"column":11},"end":{"line":20,"column":113}},{"start":{"line":14,"column":11},"end":{"line":20,"column":113}}],"line":14},"5":{"loc":{"start":{"line":14,"column":14},"end":{"line":14,"column":65}},"type":"binary-expr","locations":[{"start":{"line":14,"column":14},"end":{"line":14,"column":38}},{"start":{"line":14,"column":42},"end":{"line":14,"column":65}}],"line":14},"6":{"loc":{"start":{"line":16,"column":11},"end":{"line":20,"column":113}},"type":"if","locations":[{"start":{"line":16,"column":11},"end":{"line":20,"column":113}},{"start":{"line":16,"column":11},"end":{"line":20,"column":113}}],"line":16},"7":{"loc":{"start":{"line":16,"column":14},"end":{"line":16,"column":67}},"type":"binary-expr","locations":[{"start":{"line":16,"column":14},"end":{"line":16,"column":38}},{"start":{"line":16,"column":42},"end":{"line":16,"column":67}}],"line":16},"8":{"loc":{"start":{"line":18,"column":11},"end":{"line":20,"column":113}},"type":"if","locations":[{"start":{"line":18,"column":11},"end":{"line":20,"column":113}},{"start":{"line":18,"column":11},"end":{"line":20,"column":113}}],"line":18},"9":{"loc":{"start":{"line":18,"column":14},"end":{"line":18,"column":66}},"type":"binary-expr","locations":[{"start":{"line":18,"column":14},"end":{"line":18,"column":38}},{"start":{"line":18,"column":42},"end":{"line":18,"column":66}}],"line":18}},"s":{"0":1,"1":1,"2":1,"3":1,"4":5,"5":5,"6":5,"7":5,"8":1,"9":4,"10":1,"11":3,"12":1,"13":2,"14":1,"15":1,"16":1,"17":0,"18":1},"f":{"0":5,"1":5},"b":{"0":[1,4],"1":[5,4],"2":[1,3],"3":[4,1],"4":[1,2],"5":[3,3],"6":[1,1],"7":[2,2],"8":[1,0],"9":[1,1]},"_coverageSchema":"43e27e138ebf9cfc5966b082cf9a028302ed4184","hash":"35a1c8fcf2835254abb3964bbbc73c2c5690e439"}
,"C:\\Users\\jodin\\alchemy\\career-track\\create-http-with-net\\lib\\utils\\createResponse.js": {"path":"C:\\Users\\jodin\\alchemy\\career-track\\create-http-with-net\\lib\\utils\\createResponse.js","statementMap":{"0":{"start":{"line":1,"column":23},"end":{"line":9,"column":1}},"1":{"start":{"line":2,"column":2},"end":{"line":8,"column":20}},"2":{"start":{"line":11,"column":0},"end":{"line":11,"column":32}}},"fnMap":{"0":{"name":"(anonymous_0)","decl":{"start":{"line":1,"column":23},"end":{"line":1,"column":24}},"loc":{"start":{"line":1,"column":32},"end":{"line":9,"column":1}},"line":1}},"branchMap":{},"s":{"0":2,"1":6,"2":2},"f":{"0":6},"b":{},"_coverageSchema":"43e27e138ebf9cfc5966b082cf9a028302ed4184","hash":"4e9a6cc41d971250e5b3f1d400ebb77e353eb83d"}
,"C:\\Users\\jodin\\alchemy\\career-track\\create-http-with-net\\lib\\utils\\parseRequest.js": {"path":"C:\\Users\\jodin\\alchemy\\career-track\\create-http-with-net\\lib\\utils\\parseRequest.js","statementMap":{"0":{"start":{"line":4,"column":21},"end":{"line":22,"column":1}},"1":{"start":{"line":5,"column":22},"end":{"line":5,"column":43}},"2":{"start":{"line":7,"column":18},"end":{"line":7,"column":27}},"3":{"start":{"line":10,"column":2},"end":{"line":21,"column":3}},"4":{"start":{"line":11,"column":4},"end":{"line":15,"column":6}},"5":{"start":{"line":17,"column":4},"end":{"line":20,"column":6}},"6":{"start":{"line":24,"column":0},"end":{"line":24,"column":30}}},"fnMap":{"0":{"name":"(anonymous_0)","decl":{"start":{"line":4,"column":21},"end":{"line":4,"column":22}},"loc":{"start":{"line":4,"column":37},"end":{"line":22,"column":1}},"line":4}},"branchMap":{"0":{"loc":{"start":{"line":10,"column":2},"end":{"line":21,"column":3}},"type":"if","locations":[{"start":{"line":10,"column":2},"end":{"line":21,"column":3}},{"start":{"line":10,"column":2},"end":{"line":21,"column":3}}],"line":10}},"s":{"0":2,"1":7,"2":7,"3":7,"4":2,"5":5,"6":2},"f":{"0":7},"b":{"0":[2,5]},"_coverageSchema":"43e27e138ebf9cfc5966b082cf9a028302ed4184","hash":"552dd2c321b592673eecace61a8a1106e14d0632"}
}
