{"C:\\Users\\jodin\\alchemy\\career-track\\create-http-with-net\\lib\\app.js": {"path":"C:\\Users\\jodin\\alchemy\\career-track\\create-http-with-net\\lib\\app.js","statementMap":{"0":{"start":{"line":1,"column":12},"end":{"line":1,"column":26}},"1":{"start":{"line":2,"column":21},"end":{"line":2,"column":52}},"2":{"start":{"line":3,"column":23},"end":{"line":3,"column":56}},"3":{"start":{"line":5,"column":12},"end":{"line":21,"column":2}},"4":{"start":{"line":6,"column":2},"end":{"line":20,"column":5}},"5":{"start":{"line":7,"column":20},"end":{"line":7,"column":49}},"6":{"start":{"line":9,"column":4},"end":{"line":19,"column":113}},"7":{"start":{"line":10,"column":6},"end":{"line":10,"column":94}},"8":{"start":{"line":11,"column":11},"end":{"line":19,"column":113}},"9":{"start":{"line":12,"column":6},"end":{"line":12,"column":107}},"10":{"start":{"line":13,"column":11},"end":{"line":19,"column":113}},"11":{"start":{"line":14,"column":6},"end":{"line":14,"column":103}},"12":{"start":{"line":15,"column":11},"end":{"line":19,"column":113}},"13":{"start":{"line":16,"column":6},"end":{"line":16,"column":105}},"14":{"start":{"line":17,"column":12},"end":{"line":19,"column":113}},"15":{"start":{"line":18,"column":6},"end":{"line":18,"column":104}},"16":{"start":{"line":19,"column":11},"end":{"line":19,"column":113}},"17":{"start":{"line":23,"column":0},"end":{"line":23,"column":21}}},"fnMap":{"0":{"name":"(anonymous_0)","decl":{"start":{"line":5,"column":29},"end":{"line":5,"column":30}},"loc":{"start":{"line":5,"column":39},"end":{"line":21,"column":1}},"line":5},"1":{"name":"(anonymous_1)","decl":{"start":{"line":6,"column":20},"end":{"line":6,"column":21}},"loc":{"start":{"line":6,"column":28},"end":{"line":20,"column":3}},"line":6}},"branchMap":{"0":{"loc":{"start":{"line":9,"column":4},"end":{"line":19,"column":113}},"type":"if","locations":[{"start":{"line":9,"column":4},"end":{"line":19,"column":113}},{"start":{"line":9,"column":4},"end":{"line":19,"column":113}}],"line":9},"1":{"loc":{"start":{"line":9,"column":7},"end":{"line":9,"column":55}},"type":"binary-expr","locations":[{"start":{"line":9,"column":7},"end":{"line":9,"column":31}},{"start":{"line":9,"column":35},"end":{"line":9,"column":55}}],"line":9},"2":{"loc":{"start":{"line":11,"column":11},"end":{"line":19,"column":113}},"type":"if","locations":[{"start":{"line":11,"column":11},"end":{"line":19,"column":113}},{"start":{"line":11,"column":11},"end":{"line":19,"column":113}}],"line":11},"3":{"loc":{"start":{"line":11,"column":14},"end":{"line":11,"column":67}},"type":"binary-expr","locations":[{"start":{"line":11,"column":14},"end":{"line":11,"column":39}},{"start":{"line":11,"column":43},"end":{"line":11,"column":67}}],"line":11},"4":{"loc":{"start":{"line":13,"column":11},"end":{"line":19,"column":113}},"type":"if","locations":[{"start":{"line":13,"column":11},"end":{"line":19,"column":113}},{"start":{"line":13,"column":11},"end":{"line":19,"column":113}}],"line":13},"5":{"loc":{"start":{"line":13,"column":14},"end":{"line":13,"column":65}},"type":"binary-expr","locations":[{"start":{"line":13,"column":14},"end":{"line":13,"column":38}},{"start":{"line":13,"column":42},"end":{"line":13,"column":65}}],"line":13},"6":{"loc":{"start":{"line":15,"column":11},"end":{"line":19,"column":113}},"type":"if","locations":[{"start":{"line":15,"column":11},"end":{"line":19,"column":113}},{"start":{"line":15,"column":11},"end":{"line":19,"column":113}}],"line":15},"7":{"loc":{"start":{"line":15,"column":14},"end":{"line":15,"column":67}},"type":"binary-expr","locations":[{"start":{"line":15,"column":14},"end":{"line":15,"column":38}},{"start":{"line":15,"column":42},"end":{"line":15,"column":67}}],"line":15},"8":{"loc":{"start":{"line":17,"column":12},"end":{"line":19,"column":113}},"type":"if","locations":[{"start":{"line":17,"column":12},"end":{"line":19,"column":113}},{"start":{"line":17,"column":12},"end":{"line":19,"column":113}}],"line":17},"9":{"loc":{"start":{"line":17,"column":15},"end":{"line":17,"column":67}},"type":"binary-expr","locations":[{"start":{"line":17,"column":15},"end":{"line":17,"column":39}},{"start":{"line":17,"column":43},"end":{"line":17,"column":67}}],"line":17}},"s":{"0":1,"1":1,"2":1,"3":1,"4":0,"5":0,"6":0,"7":0,"8":0,"9":0,"10":0,"11":0,"12":0,"13":0,"14":0,"15":0,"16":0,"17":1},"f":{"0":0,"1":0},"b":{"0":[0,0],"1":[0,0],"2":[0,0],"3":[0,0],"4":[0,0],"5":[0,0],"6":[0,0],"7":[0,0],"8":[0,0],"9":[0,0]},"_coverageSchema":"43e27e138ebf9cfc5966b082cf9a028302ed4184","hash":"a265ddb93986ae87820ff0302b442e5c08964e76"}
,"C:\\Users\\jodin\\alchemy\\career-track\\create-http-with-net\\lib\\utils\\createResponse.js": {"path":"C:\\Users\\jodin\\alchemy\\career-track\\create-http-with-net\\lib\\utils\\createResponse.js","statementMap":{"0":{"start":{"line":1,"column":0},"end":{"line":10,"column":2}},"1":{"start":{"line":3,"column":2},"end":{"line":9,"column":16}}},"fnMap":{"0":{"name":"(anonymous_0)","decl":{"start":{"line":1,"column":17},"end":{"line":1,"column":18}},"loc":{"start":{"line":1,"column":82},"end":{"line":10,"column":1}},"line":1}},"branchMap":{"0":{"loc":{"start":{"line":1,"column":20},"end":{"line":1,"column":29}},"type":"default-arg","locations":[{"start":{"line":1,"column":27},"end":{"line":1,"column":29}}],"line":1},"1":{"loc":{"start":{"line":1,"column":31},"end":{"line":1,"column":56}},"type":"default-arg","locations":[{"start":{"line":1,"column":45},"end":{"line":1,"column":56}}],"line":1},"2":{"loc":{"start":{"line":1,"column":58},"end":{"line":1,"column":75}},"type":"default-arg","locations":[{"start":{"line":1,"column":67},"end":{"line":1,"column":75}}],"line":1}},"s":{"0":2,"1":1},"f":{"0":1},"b":{"0":[0],"1":[0],"2":[0]},"_coverageSchema":"43e27e138ebf9cfc5966b082cf9a028302ed4184","hash":"33e0f696a7b774c259fac2d0be59f4aec5fc9b5d"}
,"C:\\Users\\jodin\\alchemy\\career-track\\create-http-with-net\\lib\\utils\\parseRequest.js": {"path":"C:\\Users\\jodin\\alchemy\\career-track\\create-http-with-net\\lib\\utils\\parseRequest.js","statementMap":{"0":{"start":{"line":4,"column":21},"end":{"line":22,"column":1}},"1":{"start":{"line":5,"column":22},"end":{"line":5,"column":43}},"2":{"start":{"line":7,"column":18},"end":{"line":7,"column":27}},"3":{"start":{"line":8,"column":26},"end":{"line":8,"column":55}},"4":{"start":{"line":10,"column":2},"end":{"line":21,"column":3}},"5":{"start":{"line":11,"column":4},"end":{"line":15,"column":6}},"6":{"start":{"line":17,"column":4},"end":{"line":20,"column":6}},"7":{"start":{"line":24,"column":0},"end":{"line":24,"column":30}}},"fnMap":{"0":{"name":"(anonymous_0)","decl":{"start":{"line":4,"column":21},"end":{"line":4,"column":22}},"loc":{"start":{"line":4,"column":37},"end":{"line":22,"column":1}},"line":4}},"branchMap":{"0":{"loc":{"start":{"line":10,"column":2},"end":{"line":21,"column":3}},"type":"if","locations":[{"start":{"line":10,"column":2},"end":{"line":21,"column":3}},{"start":{"line":10,"column":2},"end":{"line":21,"column":3}}],"line":10}},"s":{"0":2,"1":2,"2":2,"3":2,"4":2,"5":1,"6":1,"7":2},"f":{"0":2},"b":{"0":[1,1]},"_coverageSchema":"43e27e138ebf9cfc5966b082cf9a028302ed4184","hash":"fc8fb0f40127ddbb485a8a2989daa86e16932242"}
}
