TN:
SF:C:\Users\jodin\alchemy\career-track\create-http-with-net\lib\app.js
FN:5,(anonymous_0)
FN:6,(anonymous_1)
FNF:2
FNH:2
FNDA:5,(anonymous_0)
FNDA:5,(anonymous_1)
DA:1,1
DA:2,1
DA:3,1
DA:5,1
DA:6,5
DA:7,5
DA:8,5
DA:10,5
DA:11,1
DA:12,4
DA:13,1
DA:14,3
DA:15,1
DA:16,2
DA:17,1
DA:18,1
DA:19,1
DA:20,0
DA:24,1
LF:19
LH:18
BRDA:10,0,0,1
BRDA:10,0,1,4
BRDA:10,1,0,5
BRDA:10,1,1,4
BRDA:12,2,0,1
BRDA:12,2,1,3
BRDA:12,3,0,4
BRDA:12,3,1,1
BRDA:14,4,0,1
BRDA:14,4,1,2
BRDA:14,5,0,3
BRDA:14,5,1,3
BRDA:16,6,0,1
BRDA:16,6,1,1
BRDA:16,7,0,2
BRDA:16,7,1,2
BRDA:18,8,0,1
BRDA:18,8,1,0
BRDA:18,9,0,1
BRDA:18,9,1,1
BRF:20
BRH:19
end_of_record
TN:
SF:C:\Users\jodin\alchemy\career-track\create-http-with-net\lib\utils\createResponse.js
FN:1,(anonymous_0)
FNF:1
FNH:1
FNDA:6,(anonymous_0)
DA:1,2
DA:2,6
DA:11,2
LF:3
LH:3
BRF:0
BRH:0
end_of_record
TN:
SF:C:\Users\jodin\alchemy\career-track\create-http-with-net\lib\utils\parseRequest.js
FN:4,(anonymous_0)
FNF:1
FNH:1
FNDA:7,(anonymous_0)
DA:4,2
DA:5,7
DA:7,7
DA:10,7
DA:11,2
DA:17,5
DA:24,2
LF:7
LH:7
BRDA:10,0,0,2
BRDA:10,0,1,5
BRF:2
BRH:2
end_of_record
